# JRE version: Java(TM) SE Runtime Environment (8.0_92-b14) (build 1.8.0_92-b14)
# Java VM: Java HotSpot(TM) 64-Bit Server VM (25.92-b14 mixed mode windows-amd64 compressed oops)
Heap:
 PSYoungGen      total 235520K, used 160604K [0x000000076b500000, 0x000000078c880000, 0x00000007c0000000)
  eden space 82944K, 9% used [0x000000076b500000,0x000000076bcd73a0,0x0000000770600000)
  from space 152576K, 100% used [0x000000077ce00000,0x0000000786300000,0x0000000786300000)
  to   space 204800K, 0% used [0x0000000770600000,0x0000000770600000,0x000000077ce00000)
 ParOldGen       total 641024K, used 426528K [0x00000006c1e00000, 0x00000006e9000000, 0x000000076b500000)
  object space 641024K, 66% used [0x00000006c1e00000,0x00000006dbe88230,0x00000006e9000000)
 Metaspace       used 25981K, capacity 27598K, committed 27776K, reserved 1073152K
  class space    used 3512K, capacity 3853K, committed 3968K, reserved 1048576K
GC Heap History (10 events):
Event: 39.333 GC heap before
{Heap before GC invocations=11 (full 2):
 PSYoungGen      total 158720K, used 154816K [0x000000076b500000, 0x000000077c080000, 0x00000007c0000000)
  eden space 87552K, 100% used [0x000000076b500000,0x0000000770a80000,0x0000000770a80000)
  from space 71168K, 94% used [0x0000000775b80000,0x0000000779d30000,0x000000077a100000)
  to   space 82944K, 0% used [0x0000000770a80000,0x0000000770a80000,0x0000000775b80000)
 ParOldGen       total 327168K, used 113058K [0x00000006c1e00000, 0x00000006d5d80000, 0x000000076b500000)
  object space 327168K, 34% used [0x00000006c1e00000,0x00000006c8c689b8,0x00000006d5d80000)
 Metaspace       used 25981K, capacity 27598K, committed 27776K, reserved 1073152K
  class space    used 3512K, capacity 3853K, committed 3968K, reserved 1048576K
Event: 39.475 GC heap after
Heap after GC invocations=11 (full 2):
 PSYoungGen      total 170496K, used 82944K [0x000000076b500000, 0x0000000782600000, 0x00000007c0000000)
  eden space 87552K, 0% used [0x000000076b500000,0x000000076b500000,0x0000000770a80000)
  from space 82944K, 100% used [0x0000000770a80000,0x0000000775b80000,0x0000000775b80000)
  to   space 126464K, 0% used [0x000000077aa80000,0x000000077aa80000,0x0000000782600000)
 ParOldGen       total 327168K, used 185314K [0x00000006c1e00000, 0x00000006d5d80000, 0x000000076b500000)
  object space 327168K, 56% used [0x00000006c1e00000,0x00000006cd2f89b8,0x00000006d5d80000)
 Metaspace       used 25981K, capacity 27598K, committed 27776K, reserved 1073152K
  class space    used 3512K, capacity 3853K, committed 3968K, reserved 1048576K
}
Event: 41.908 GC heap before
{Heap before GC invocations=12 (full 2):
 PSYoungGen      total 170496K, used 170496K [0x000000076b500000, 0x0000000782600000, 0x00000007c0000000)
  eden space 87552K, 100% used [0x000000076b500000,0x0000000770a80000,0x0000000770a80000)
  from space 82944K, 100% used [0x0000000770a80000,0x0000000775b80000,0x0000000775b80000)
  to   space 126464K, 0% used [0x000000077aa80000,0x000000077aa80000,0x0000000782600000)
 ParOldGen       total 327168K, used 185314K [0x00000006c1e00000, 0x00000006d5d80000, 0x000000076b500000)
  object space 327168K, 56% used [0x00000006c1e00000,0x00000006cd2f89b8,0x00000006d5d80000)
 Metaspace       used 25981K, capacity 27598K, committed 27776K, reserved 1073152K
  class space    used 3512K, capacity 3853K, committed 3968K, reserved 1048576K
Event: 42.048 GC heap after
Heap after GC invocations=12 (full 2):
 PSYoungGen      total 238592K, used 103648K [0x000000076b500000, 0x0000000784080000, 0x00000007c0000000)
  eden space 112128K, 0% used [0x000000076b500000,0x000000076b500000,0x0000000772280000)
  from space 126464K, 81% used [0x000000077aa80000,0x0000000780fb8000,0x0000000782600000)
  to   space 139264K, 0% used [0x0000000772280000,0x0000000772280000,0x000000077aa80000)
 ParOldGen       total 327168K, used 252786K [0x00000006c1e00000, 0x00000006d5d80000, 0x000000076b500000)
  object space 327168K, 77% used [0x00000006c1e00000,0x00000006d14dc9b8,0x00000006d5d80000)
 Metaspace       used 25981K, capacity 27598K, committed 27776K, reserved 1073152K
  class space    used 3512K, capacity 3853K, committed 3968K, reserved 1048576K
}
Event: 42.048 GC heap before
{Heap before GC invocations=13 (full 3):
 PSYoungGen      total 238592K, used 103648K [0x000000076b500000, 0x0000000784080000, 0x00000007c0000000)
  eden space 112128K, 0% used [0x000000076b500000,0x000000076b500000,0x0000000772280000)
  from space 126464K, 81% used [0x000000077aa80000,0x0000000780fb8000,0x0000000782600000)
  to   space 139264K, 0% used [0x0000000772280000,0x0000000772280000,0x000000077aa80000)
 ParOldGen       total 327168K, used 252786K [0x00000006c1e00000, 0x00000006d5d80000, 0x000000076b500000)
  object space 327168K, 77% used [0x00000006c1e00000,0x00000006d14dc9b8,0x00000006d5d80000)
 Metaspace       used 25981K, capacity 27598K, committed 27776K, reserved 1073152K
  class space    used 3512K, capacity 3853K, committed 3968K, reserved 1048576K
Event: 43.317 GC heap after
Heap after GC invocations=13 (full 3):
 PSYoungGen      total 238592K, used 27138K [0x000000076b500000, 0x0000000784080000, 0x00000007c0000000)
  eden space 112128K, 0% used [0x000000076b500000,0x000000076b500000,0x0000000772280000)
  from space 126464K, 21% used [0x000000077aa80000,0x000000077c500a40,0x0000000782600000)
  to   space 139264K, 0% used [0x0000000772280000,0x0000000772280000,0x000000077aa80000)
 ParOldGen       total 641024K, used 326784K [0x00000006c1e00000, 0x00000006e9000000, 0x000000076b500000)
  object space 641024K, 50% used [0x00000006c1e00000,0x00000006d5d20230,0x00000006e9000000)
 Metaspace       used 25981K, capacity 27598K, committed 27776K, reserved 1073152K
  class space    used 3512K, capacity 3853K, committed 3968K, reserved 1048576K
}
Event: 47.146 GC heap before
{Heap before GC invocations=14 (full 3):
 PSYoungGen      total 238592K, used 139266K [0x000000076b500000, 0x0000000784080000, 0x00000007c0000000)
  eden space 112128K, 100% used [0x000000076b500000,0x0000000772280000,0x0000000772280000)
  from space 126464K, 21% used [0x000000077aa80000,0x000000077c500a40,0x0000000782600000)
  to   space 139264K, 0% used [0x0000000772280000,0x0000000772280000,0x000000077aa80000)
 ParOldGen       total 641024K, used 326784K [0x00000006c1e00000, 0x00000006e9000000, 0x000000076b500000)
  object space 641024K, 50% used [0x00000006c1e00000,0x00000006d5d20230,0x00000006e9000000)
 Metaspace       used 25981K, capacity 27598K, committed 27776K, reserved 1073152K
  class space    used 3512K, capacity 3853K, committed 3968K, reserved 1048576K
Event: 47.267 GC heap after
Heap after GC invocations=14 (full 3):
 PSYoungGen      total 251392K, used 112384K [0x000000076b500000, 0x0000000786300000, 0x00000007c0000000)
  eden space 112128K, 0% used [0x000000076b500000,0x000000076b500000,0x0000000772280000)
  from space 139264K, 80% used [0x0000000772280000,0x0000000779040000,0x000000077aa80000)
  to   space 152576K, 0% used [0x000000077ce00000,0x000000077ce00000,0x0000000786300000)
 ParOldGen       total 641024K, used 354144K [0x00000006c1e00000, 0x00000006e9000000, 0x000000076b500000)
  object space 641024K, 55% used [0x00000006c1e00000,0x00000006d77d8230,0x00000006e9000000)
 Metaspace       used 25981K, capacity 27598K, committed 27776K, reserved 1073152K
  class space    used 3512K, capacity 3853K, committed 3968K, reserved 1048576K
}
Event: 54.318 GC heap before
{Heap before GC invocations=15 (full 3):
 PSYoungGen      total 251392K, used 224512K [0x000000076b500000, 0x0000000786300000, 0x00000007c0000000)
  eden space 112128K, 100% used [0x000000076b500000,0x0000000772280000,0x0000000772280000)
  from space 139264K, 80% used [0x0000000772280000,0x0000000779040000,0x000000077aa80000)
  to   space 152576K, 0% used [0x000000077ce00000,0x000000077ce00000,0x0000000786300000)
 ParOldGen       total 641024K, used 354144K [0x00000006c1e00000, 0x00000006e9000000, 0x000000076b500000)
  object space 641024K, 55% used [0x00000006c1e00000,0x00000006d77d8230,0x00000006e9000000)
 Metaspace       used 25981K, capacity 27598K, committed 27776K, reserved 1073152K
  class space    used 3512K, capacity 3853K, committed 3968K, reserved 1048576K
Event: 54.520 GC heap after
Heap after GC invocations=15 (full 3):
 PSYoungGen      total 235520K, used 152576K [0x000000076b500000, 0x000000078c880000, 0x00000007c0000000)
  eden space 82944K, 0% used [0x000000076b500000,0x000000076b500000,0x0000000770600000)
  from space 152576K, 100% used [0x000000077ce00000,0x0000000786300000,0x0000000786300000)
  to   space 204800K, 0% used [0x0000000770600000,0x0000000770600000,0x000000077ce00000)
 ParOldGen       total 641024K, used 426528K [0x00000006c1e00000, 0x00000006e9000000, 0x000000076b500000)
  object space 641024K, 66% used [0x00000006c1e00000,0x00000006dbe88230,0x00000006e9000000)
 Metaspace       used 25981K, capacity 27598K, committed 27776K, reserved 1073152K
  class space    used 3512K, capacity 3853K, committed 3968K, reserved 1048576K
}

